2019-09-28 15:35:31,155 0      [           main] DEBUG ache.ibatis.logging.LogFactory  - Logging initialized using 'class org.apache.ibatis.logging.log4j.Log4jImpl' adapter.
2019-09-28 15:35:31,344 189    [           main] DEBUG source.pooled.PooledDataSource  - PooledDataSource forcefully closed/removed all connections.
2019-09-28 15:35:31,344 189    [           main] DEBUG source.pooled.PooledDataSource  - PooledDataSource forcefully closed/removed all connections.
2019-09-28 15:35:31,345 190    [           main] DEBUG source.pooled.PooledDataSource  - PooledDataSource forcefully closed/removed all connections.
2019-09-28 15:35:31,345 190    [           main] DEBUG source.pooled.PooledDataSource  - PooledDataSource forcefully closed/removed all connections.
2019-09-28 15:35:31,517 362    [           main] DEBUG ansaction.jdbc.JdbcTransaction  - Opening JDBC Connection
2019-09-28 15:35:31,739 584    [           main] DEBUG source.pooled.PooledDataSource  - Created connection 842326585.
2019-09-28 15:35:31,739 584    [           main] DEBUG ansaction.jdbc.JdbcTransaction  - Setting autocommit to false on JDBC Connection [com.mysql.jdbc.JDBC4Connection@3234e239]
2019-09-28 15:35:31,743 588    [           main] DEBUG       com.dao.IUserDao.findAll  - ==>  Preparing: select * from user 
2019-09-28 15:35:31,767 612    [           main] DEBUG       com.dao.IUserDao.findAll  - ==> Parameters: 
2019-09-28 15:35:31,789 634    [           main] DEBUG       com.dao.IUserDao.findAll  - <==      Total: 3
2019-09-28 15:35:31,790 635    [           main] DEBUG ansaction.jdbc.JdbcTransaction  - Resetting autocommit to true on JDBC Connection [com.mysql.jdbc.JDBC4Connection@3234e239]
2019-09-28 15:35:31,792 637    [           main] DEBUG ansaction.jdbc.JdbcTransaction  - Closing JDBC Connection [com.mysql.jdbc.JDBC4Connection@3234e239]
2019-09-28 15:35:31,792 637    [           main] DEBUG source.pooled.PooledDataSource  - Returned connection 842326585 to pool.
2019-09-28 15:42:51,778 0      [           main] DEBUG ache.ibatis.logging.LogFactory  - Logging initialized using 'class org.apache.ibatis.logging.log4j.Log4jImpl' adapter.
2019-09-28 15:42:51,900 122    [           main] DEBUG source.pooled.PooledDataSource  - PooledDataSource forcefully closed/removed all connections.
2019-09-28 15:42:51,900 122    [           main] DEBUG source.pooled.PooledDataSource  - PooledDataSource forcefully closed/removed all connections.
2019-09-28 15:42:51,900 122    [           main] DEBUG source.pooled.PooledDataSource  - PooledDataSource forcefully closed/removed all connections.
2019-09-28 15:42:51,900 122    [           main] DEBUG source.pooled.PooledDataSource  - PooledDataSource forcefully closed/removed all connections.
2019-09-28 15:42:52,024 246    [           main] DEBUG ansaction.jdbc.JdbcTransaction  - Opening JDBC Connection
2019-09-28 15:42:52,239 461    [           main] DEBUG source.pooled.PooledDataSource  - Created connection 852687460.
2019-09-28 15:42:52,239 461    [           main] DEBUG ansaction.jdbc.JdbcTransaction  - Setting autocommit to false on JDBC Connection [com.mysql.jdbc.JDBC4Connection@32d2fa64]
2019-09-28 15:42:52,243 465    [           main] DEBUG       com.dao.IUserDao.findAll  - ==>  Preparing: select * from user 
2019-09-28 15:42:52,277 499    [           main] DEBUG       com.dao.IUserDao.findAll  - ==> Parameters: 
2019-09-28 15:42:52,299 521    [           main] DEBUG       com.dao.IUserDao.findAll  - <==      Total: 3
2019-09-28 15:42:52,302 524    [           main] DEBUG ansaction.jdbc.JdbcTransaction  - Resetting autocommit to true on JDBC Connection [com.mysql.jdbc.JDBC4Connection@32d2fa64]
2019-09-28 15:42:52,305 527    [           main] DEBUG ansaction.jdbc.JdbcTransaction  - Closing JDBC Connection [com.mysql.jdbc.JDBC4Connection@32d2fa64]
2019-09-28 15:42:52,305 527    [           main] DEBUG source.pooled.PooledDataSource  - Returned connection 852687460 to pool.
